Compiling the CXX compiler identification source file "CMakeCXXCompilerId.cpp" failed.
Compiler: /Applications/Xcode.app/Contents/Developer/Toolchains/XcodeDefault.xctoolchain/usr/bin/c++ 
Build flags: 
Id flags:  

The output was:
1
ld: library not found for -lc++
clang: error: linker command failed with exit code 1 (use -v to see invocation)


Compiling the C compiler identification source file "CMakeCCompilerId.c" failed.
Compiler: /Applications/Xcode.app/Contents/Developer/Toolchains/XcodeDefault.xctoolchain/usr/bin/cc 
Build flags: 
Id flags:  

The output was:
1
ld: library not found for -lSystem
clang: error: linker command failed with exit code 1 (use -v to see invocation)


Compilation failed:
    source file: '/Users/liam/Documents/dev/tcd-finalyear/computer-vision/opencv/cmake/checks/cpu_popcnt.cpp'
    check option: ''
===== BUILD LOG =====
Change Dir: /Users/liam/Documents/dev/tcd-finalyear/computer-vision/build_opencv/CMakeFiles/CMakeTmp

Run Build Command(s):/usr/bin/make cmTC_a663f/fast && /Applications/Xcode.app/Contents/Developer/usr/bin/make  -f CMakeFiles/cmTC_a663f.dir/build.make CMakeFiles/cmTC_a663f.dir/build
Building CXX object CMakeFiles/cmTC_a663f.dir/cpu_popcnt.cpp.o
/Applications/Xcode.app/Contents/Developer/Toolchains/XcodeDefault.xctoolchain/usr/bin/c++   -O3 -DNDEBUG -isysroot /Applications/Xcode.app/Contents/Developer/Platforms/MacOSX.platform/Developer/SDKs/MacOSX13.3.sdk -fPIE -std=c++11 -o CMakeFiles/cmTC_a663f.dir/cpu_popcnt.cpp.o -c /Users/liam/Documents/dev/tcd-finalyear/computer-vision/opencv/cmake/checks/cpu_popcnt.cpp
/Users/liam/Documents/dev/tcd-finalyear/computer-vision/opencv/cmake/checks/cpu_popcnt.cpp:14:4: error: "__POPCNT__ is not defined by compiler"
#  error "__POPCNT__ is not defined by compiler"
   ^
/Users/liam/Documents/dev/tcd-finalyear/computer-vision/opencv/cmake/checks/cpu_popcnt.cpp:22:13: error: use of undeclared identifier 'CV_POPCNT_U32'
    int j = CV_POPCNT_U32(1);
            ^
2 errors generated.
make[1]: *** [CMakeFiles/cmTC_a663f.dir/cpu_popcnt.cpp.o] Error 1
make: *** [cmTC_a663f/fast] Error 2


===== END =====

Compilation failed:
    source file: '/Users/liam/Documents/dev/tcd-finalyear/computer-vision/opencv/cmake/checks/cpu_sse42.cpp'
    check option: ''
===== BUILD LOG =====
Change Dir: /Users/liam/Documents/dev/tcd-finalyear/computer-vision/build_opencv/CMakeFiles/CMakeTmp

Run Build Command(s):/usr/bin/make cmTC_43e38/fast && /Applications/Xcode.app/Contents/Developer/usr/bin/make  -f CMakeFiles/cmTC_43e38.dir/build.make CMakeFiles/cmTC_43e38.dir/build
Building CXX object CMakeFiles/cmTC_43e38.dir/cpu_sse42.cpp.o
/Applications/Xcode.app/Contents/Developer/Toolchains/XcodeDefault.xctoolchain/usr/bin/c++   -O3 -DNDEBUG -isysroot /Applications/Xcode.app/Contents/Developer/Platforms/MacOSX.platform/Developer/SDKs/MacOSX13.3.sdk -fPIE -std=c++11 -o CMakeFiles/cmTC_43e38.dir/cpu_sse42.cpp.o -c /Users/liam/Documents/dev/tcd-finalyear/computer-vision/opencv/cmake/checks/cpu_sse42.cpp
/Users/liam/Documents/dev/tcd-finalyear/computer-vision/opencv/cmake/checks/cpu_sse42.cpp:5:24: error: always_inline function '_mm_crc32_u8' requires target feature 'crc32', but would be inlined into function 'main' that is compiled without support for 'crc32'
    unsigned int res = _mm_crc32_u8(1, 2);
                       ^
1 error generated.
make[1]: *** [CMakeFiles/cmTC_43e38.dir/cpu_sse42.cpp.o] Error 1
make: *** [cmTC_43e38/fast] Error 2


===== END =====

Compilation failed:
    source file: '/Users/liam/Documents/dev/tcd-finalyear/computer-vision/opencv/cmake/checks/cpu_fp16.cpp'
    check option: ''
===== BUILD LOG =====
Change Dir: /Users/liam/Documents/dev/tcd-finalyear/computer-vision/build_opencv/CMakeFiles/CMakeTmp

Run Build Command(s):/usr/bin/make cmTC_0b56a/fast && /Applications/Xcode.app/Contents/Developer/usr/bin/make  -f CMakeFiles/cmTC_0b56a.dir/build.make CMakeFiles/cmTC_0b56a.dir/build
Building CXX object CMakeFiles/cmTC_0b56a.dir/cpu_fp16.cpp.o
/Applications/Xcode.app/Contents/Developer/Toolchains/XcodeDefault.xctoolchain/usr/bin/c++   -O3 -DNDEBUG -isysroot /Applications/Xcode.app/Contents/Developer/Platforms/MacOSX.platform/Developer/SDKs/MacOSX13.3.sdk -fPIE -std=c++11 -o CMakeFiles/cmTC_0b56a.dir/cpu_fp16.cpp.o -c /Users/liam/Documents/dev/tcd-finalyear/computer-vision/opencv/cmake/checks/cpu_fp16.cpp
/Users/liam/Documents/dev/tcd-finalyear/computer-vision/opencv/cmake/checks/cpu_fp16.cpp:26:2: error: "FP16 is not supported"
#error "FP16 is not supported"
 ^
/Users/liam/Documents/dev/tcd-finalyear/computer-vision/opencv/cmake/checks/cpu_fp16.cpp:31:18: error: use of undeclared identifier 'test'
  printf("%d\n", test());
                 ^
2 errors generated.
make[1]: *** [CMakeFiles/cmTC_0b56a.dir/cpu_fp16.cpp.o] Error 1
make: *** [cmTC_0b56a/fast] Error 2


===== END =====

Compilation failed:
    source file: '/Users/liam/Documents/dev/tcd-finalyear/computer-vision/opencv/cmake/checks/cpu_avx.cpp'
    check option: ''
===== BUILD LOG =====
Change Dir: /Users/liam/Documents/dev/tcd-finalyear/computer-vision/build_opencv/CMakeFiles/CMakeTmp

Run Build Command(s):/usr/bin/make cmTC_258ad/fast && /Applications/Xcode.app/Contents/Developer/usr/bin/make  -f CMakeFiles/cmTC_258ad.dir/build.make CMakeFiles/cmTC_258ad.dir/build
Building CXX object CMakeFiles/cmTC_258ad.dir/cpu_avx.cpp.o
/Applications/Xcode.app/Contents/Developer/Toolchains/XcodeDefault.xctoolchain/usr/bin/c++   -O3 -DNDEBUG -isysroot /Applications/Xcode.app/Contents/Developer/Platforms/MacOSX.platform/Developer/SDKs/MacOSX13.3.sdk -fPIE -std=c++11 -o CMakeFiles/cmTC_258ad.dir/cpu_avx.cpp.o -c /Users/liam/Documents/dev/tcd-finalyear/computer-vision/opencv/cmake/checks/cpu_avx.cpp
/Users/liam/Documents/dev/tcd-finalyear/computer-vision/opencv/cmake/checks/cpu_avx.cpp:2:2: error: "__AVX__ define is missing"
#error "__AVX__ define is missing"
 ^
1 error generated.
make[1]: *** [CMakeFiles/cmTC_258ad.dir/cpu_avx.cpp.o] Error 1
make: *** [cmTC_258ad/fast] Error 2


===== END =====

Compilation failed:
    source file: '/Users/liam/Documents/dev/tcd-finalyear/computer-vision/opencv/cmake/checks/cpu_avx2.cpp'
    check option: ''
===== BUILD LOG =====
Change Dir: /Users/liam/Documents/dev/tcd-finalyear/computer-vision/build_opencv/CMakeFiles/CMakeTmp

Run Build Command(s):/usr/bin/make cmTC_10a64/fast && /Applications/Xcode.app/Contents/Developer/usr/bin/make  -f CMakeFiles/cmTC_10a64.dir/build.make CMakeFiles/cmTC_10a64.dir/build
Building CXX object CMakeFiles/cmTC_10a64.dir/cpu_avx2.cpp.o
/Applications/Xcode.app/Contents/Developer/Toolchains/XcodeDefault.xctoolchain/usr/bin/c++   -O3 -DNDEBUG -isysroot /Applications/Xcode.app/Contents/Developer/Platforms/MacOSX.platform/Developer/SDKs/MacOSX13.3.sdk -fPIE -std=c++11 -o CMakeFiles/cmTC_10a64.dir/cpu_avx2.cpp.o -c /Users/liam/Documents/dev/tcd-finalyear/computer-vision/opencv/cmake/checks/cpu_avx2.cpp
/Users/liam/Documents/dev/tcd-finalyear/computer-vision/opencv/cmake/checks/cpu_avx2.cpp:2:2: error: "__AVX2__ define is missing"
#error "__AVX2__ define is missing"
 ^
1 error generated.
make[1]: *** [CMakeFiles/cmTC_10a64.dir/cpu_avx2.cpp.o] Error 1
make: *** [cmTC_10a64/fast] Error 2


===== END =====

Compilation failed:
    source file: '/Users/liam/Documents/dev/tcd-finalyear/computer-vision/opencv/cmake/checks/cpu_avx512.cpp'
    check option: ''
===== BUILD LOG =====
Change Dir: /Users/liam/Documents/dev/tcd-finalyear/computer-vision/build_opencv/CMakeFiles/CMakeTmp

Run Build Command(s):/usr/bin/make cmTC_c9440/fast && /Applications/Xcode.app/Contents/Developer/usr/bin/make  -f CMakeFiles/cmTC_c9440.dir/build.make CMakeFiles/cmTC_c9440.dir/build
Building CXX object CMakeFiles/cmTC_c9440.dir/cpu_avx512.cpp.o
/Applications/Xcode.app/Contents/Developer/Toolchains/XcodeDefault.xctoolchain/usr/bin/c++   -O3 -DNDEBUG -isysroot /Applications/Xcode.app/Contents/Developer/Platforms/MacOSX.platform/Developer/SDKs/MacOSX13.3.sdk -fPIE -std=c++11 -o CMakeFiles/cmTC_c9440.dir/cpu_avx512.cpp.o -c /Users/liam/Documents/dev/tcd-finalyear/computer-vision/opencv/cmake/checks/cpu_avx512.cpp
/Users/liam/Documents/dev/tcd-finalyear/computer-vision/opencv/cmake/checks/cpu_avx512.cpp:11:2: error: "AVX512 is not supported"
#error "AVX512 is not supported"
 ^
1 error generated.
make[1]: *** [CMakeFiles/cmTC_c9440.dir/cpu_avx512.cpp.o] Error 1
make: *** [cmTC_c9440/fast] Error 2


===== END =====

Compilation failed:
    source file: '/Users/liam/Documents/dev/tcd-finalyear/computer-vision/opencv/cmake/checks/cpu_avx512common.cpp'
    check option: ''
===== BUILD LOG =====
Change Dir: /Users/liam/Documents/dev/tcd-finalyear/computer-vision/build_opencv/CMakeFiles/CMakeTmp

Run Build Command(s):/usr/bin/make cmTC_297f5/fast && /Applications/Xcode.app/Contents/Developer/usr/bin/make  -f CMakeFiles/cmTC_297f5.dir/build.make CMakeFiles/cmTC_297f5.dir/build
Building CXX object CMakeFiles/cmTC_297f5.dir/cpu_avx512common.cpp.o
/Applications/Xcode.app/Contents/Developer/Toolchains/XcodeDefault.xctoolchain/usr/bin/c++   -O3 -DNDEBUG -isysroot /Applications/Xcode.app/Contents/Developer/Platforms/MacOSX.platform/Developer/SDKs/MacOSX13.3.sdk -fPIE -std=c++11 -o CMakeFiles/cmTC_297f5.dir/cpu_avx512common.cpp.o -c /Users/liam/Documents/dev/tcd-finalyear/computer-vision/opencv/cmake/checks/cpu_avx512common.cpp
/Users/liam/Documents/dev/tcd-finalyear/computer-vision/opencv/cmake/checks/cpu_avx512common.cpp:12:2: error: "AVX512-COMMON is not supported"
#error "AVX512-COMMON is not supported"
 ^
1 error generated.
make[1]: *** [CMakeFiles/cmTC_297f5.dir/cpu_avx512common.cpp.o] Error 1
make: *** [cmTC_297f5/fast] Error 2


===== END =====

Compilation failed:
    source file: '/Users/liam/Documents/dev/tcd-finalyear/computer-vision/opencv/cmake/checks/cpu_avx512knl.cpp'
    check option: ''
===== BUILD LOG =====
Change Dir: /Users/liam/Documents/dev/tcd-finalyear/computer-vision/build_opencv/CMakeFiles/CMakeTmp

Run Build Command(s):/usr/bin/make cmTC_646e7/fast && /Applications/Xcode.app/Contents/Developer/usr/bin/make  -f CMakeFiles/cmTC_646e7.dir/build.make CMakeFiles/cmTC_646e7.dir/build
Building CXX object CMakeFiles/cmTC_646e7.dir/cpu_avx512knl.cpp.o
/Applications/Xcode.app/Contents/Developer/Toolchains/XcodeDefault.xctoolchain/usr/bin/c++   -O3 -DNDEBUG -isysroot /Applications/Xcode.app/Contents/Developer/Platforms/MacOSX.platform/Developer/SDKs/MacOSX13.3.sdk -fPIE -std=c++11 -o CMakeFiles/cmTC_646e7.dir/cpu_avx512knl.cpp.o -c /Users/liam/Documents/dev/tcd-finalyear/computer-vision/opencv/cmake/checks/cpu_avx512knl.cpp
/Users/liam/Documents/dev/tcd-finalyear/computer-vision/opencv/cmake/checks/cpu_avx512knl.cpp:14:2: error: "AVX512-KNL is not supported"
#error "AVX512-KNL is not supported"
 ^
1 error generated.
make[1]: *** [CMakeFiles/cmTC_646e7.dir/cpu_avx512knl.cpp.o] Error 1
make: *** [cmTC_646e7/fast] Error 2


===== END =====

Compilation failed:
    source file: '/Users/liam/Documents/dev/tcd-finalyear/computer-vision/opencv/cmake/checks/cpu_avx512knm.cpp'
    check option: ''
===== BUILD LOG =====
Change Dir: /Users/liam/Documents/dev/tcd-finalyear/computer-vision/build_opencv/CMakeFiles/CMakeTmp

Run Build Command(s):/usr/bin/make cmTC_7d652/fast && /Applications/Xcode.app/Contents/Developer/usr/bin/make  -f CMakeFiles/cmTC_7d652.dir/build.make CMakeFiles/cmTC_7d652.dir/build
Building CXX object CMakeFiles/cmTC_7d652.dir/cpu_avx512knm.cpp.o
/Applications/Xcode.app/Contents/Developer/Toolchains/XcodeDefault.xctoolchain/usr/bin/c++   -O3 -DNDEBUG -isysroot /Applications/Xcode.app/Contents/Developer/Platforms/MacOSX.platform/Developer/SDKs/MacOSX13.3.sdk -fPIE -std=c++11 -o CMakeFiles/cmTC_7d652.dir/cpu_avx512knm.cpp.o -c /Users/liam/Documents/dev/tcd-finalyear/computer-vision/opencv/cmake/checks/cpu_avx512knm.cpp
/Users/liam/Documents/dev/tcd-finalyear/computer-vision/opencv/cmake/checks/cpu_avx512knm.cpp:15:2: error: "AVX512-KNM is not supported"
#error "AVX512-KNM is not supported"
 ^
1 error generated.
make[1]: *** [CMakeFiles/cmTC_7d652.dir/cpu_avx512knm.cpp.o] Error 1
make: *** [cmTC_7d652/fast] Error 2


===== END =====

Compilation failed:
    source file: '/Users/liam/Documents/dev/tcd-finalyear/computer-vision/opencv/cmake/checks/cpu_avx512knm.cpp'
    check option: ' -mavx512f -mavx512cd -mavx512er -mavx512pf -mavx5124fmaps -mavx5124vnniw -mavx512vpopcntdq'
===== BUILD LOG =====
Change Dir: /Users/liam/Documents/dev/tcd-finalyear/computer-vision/build_opencv/CMakeFiles/CMakeTmp

Run Build Command(s):/usr/bin/make cmTC_0ded6/fast && /Applications/Xcode.app/Contents/Developer/usr/bin/make  -f CMakeFiles/cmTC_0ded6.dir/build.make CMakeFiles/cmTC_0ded6.dir/build
Building CXX object CMakeFiles/cmTC_0ded6.dir/cpu_avx512knm.cpp.o
/Applications/Xcode.app/Contents/Developer/Toolchains/XcodeDefault.xctoolchain/usr/bin/c++   -O3 -DNDEBUG -isysroot /Applications/Xcode.app/Contents/Developer/Platforms/MacOSX.platform/Developer/SDKs/MacOSX13.3.sdk -fPIE    -mavx512f -mavx512cd -mavx512er -mavx512pf -mavx5124fmaps -mavx5124vnniw -mavx512vpopcntdq -std=c++11 -o CMakeFiles/cmTC_0ded6.dir/cpu_avx512knm.cpp.o -c /Users/liam/Documents/dev/tcd-finalyear/computer-vision/opencv/cmake/checks/cpu_avx512knm.cpp
clang: error: unknown argument: '-mavx5124fmaps'
clang: error: unknown argument: '-mavx5124vnniw'
make[1]: *** [CMakeFiles/cmTC_0ded6.dir/cpu_avx512knm.cpp.o] Error 1
make: *** [cmTC_0ded6/fast] Error 2


===== END =====

Compilation failed:
    source file: '/Users/liam/Documents/dev/tcd-finalyear/computer-vision/opencv/cmake/checks/cpu_avx512skx.cpp'
    check option: ''
===== BUILD LOG =====
Change Dir: /Users/liam/Documents/dev/tcd-finalyear/computer-vision/build_opencv/CMakeFiles/CMakeTmp

Run Build Command(s):/usr/bin/make cmTC_72e6c/fast && /Applications/Xcode.app/Contents/Developer/usr/bin/make  -f CMakeFiles/cmTC_72e6c.dir/build.make CMakeFiles/cmTC_72e6c.dir/build
Building CXX object CMakeFiles/cmTC_72e6c.dir/cpu_avx512skx.cpp.o
/Applications/Xcode.app/Contents/Developer/Toolchains/XcodeDefault.xctoolchain/usr/bin/c++   -O3 -DNDEBUG -isysroot /Applications/Xcode.app/Contents/Developer/Platforms/MacOSX.platform/Developer/SDKs/MacOSX13.3.sdk -fPIE -std=c++11 -o CMakeFiles/cmTC_72e6c.dir/cpu_avx512skx.cpp.o -c /Users/liam/Documents/dev/tcd-finalyear/computer-vision/opencv/cmake/checks/cpu_avx512skx.cpp
/Users/liam/Documents/dev/tcd-finalyear/computer-vision/opencv/cmake/checks/cpu_avx512skx.cpp:30:2: error: "AVX512-SKX is not supported"
#error "AVX512-SKX is not supported"
 ^
1 error generated.
make[1]: *** [CMakeFiles/cmTC_72e6c.dir/cpu_avx512skx.cpp.o] Error 1
make: *** [cmTC_72e6c/fast] Error 2


===== END =====

Compilation failed:
    source file: '/Users/liam/Documents/dev/tcd-finalyear/computer-vision/opencv/cmake/checks/cpu_avx512cnl.cpp'
    check option: ''
===== BUILD LOG =====
Change Dir: /Users/liam/Documents/dev/tcd-finalyear/computer-vision/build_opencv/CMakeFiles/CMakeTmp

Run Build Command(s):/usr/bin/make cmTC_d89d2/fast && /Applications/Xcode.app/Contents/Developer/usr/bin/make  -f CMakeFiles/cmTC_d89d2.dir/build.make CMakeFiles/cmTC_d89d2.dir/build
Building CXX object CMakeFiles/cmTC_d89d2.dir/cpu_avx512cnl.cpp.o
/Applications/Xcode.app/Contents/Developer/Toolchains/XcodeDefault.xctoolchain/usr/bin/c++   -O3 -DNDEBUG -isysroot /Applications/Xcode.app/Contents/Developer/Platforms/MacOSX.platform/Developer/SDKs/MacOSX13.3.sdk -fPIE -std=c++11 -o CMakeFiles/cmTC_d89d2.dir/cpu_avx512cnl.cpp.o -c /Users/liam/Documents/dev/tcd-finalyear/computer-vision/opencv/cmake/checks/cpu_avx512cnl.cpp
/Users/liam/Documents/dev/tcd-finalyear/computer-vision/opencv/cmake/checks/cpu_avx512cnl.cpp:10:2: error: "AVX512-CNL is not supported"
#error "AVX512-CNL is not supported"
 ^
1 error generated.
make[1]: *** [CMakeFiles/cmTC_d89d2.dir/cpu_avx512cnl.cpp.o] Error 1
make: *** [cmTC_d89d2/fast] Error 2


===== END =====

Compilation failed:
    source file: '/Users/liam/Documents/dev/tcd-finalyear/computer-vision/opencv/cmake/checks/cpu_avx512clx.cpp'
    check option: ''
===== BUILD LOG =====
Change Dir: /Users/liam/Documents/dev/tcd-finalyear/computer-vision/build_opencv/CMakeFiles/CMakeTmp

Run Build Command(s):/usr/bin/make cmTC_69d4c/fast && /Applications/Xcode.app/Contents/Developer/usr/bin/make  -f CMakeFiles/cmTC_69d4c.dir/build.make CMakeFiles/cmTC_69d4c.dir/build
Building CXX object CMakeFiles/cmTC_69d4c.dir/cpu_avx512clx.cpp.o
/Applications/Xcode.app/Contents/Developer/Toolchains/XcodeDefault.xctoolchain/usr/bin/c++   -O3 -DNDEBUG -isysroot /Applications/Xcode.app/Contents/Developer/Platforms/MacOSX.platform/Developer/SDKs/MacOSX13.3.sdk -fPIE -std=c++11 -o CMakeFiles/cmTC_69d4c.dir/cpu_avx512clx.cpp.o -c /Users/liam/Documents/dev/tcd-finalyear/computer-vision/opencv/cmake/checks/cpu_avx512clx.cpp
/Users/liam/Documents/dev/tcd-finalyear/computer-vision/opencv/cmake/checks/cpu_avx512clx.cpp:9:2: error: "AVX512-CLX is not supported"
#error "AVX512-CLX is not supported"
 ^
1 error generated.
make[1]: *** [CMakeFiles/cmTC_69d4c.dir/cpu_avx512clx.cpp.o] Error 1
make: *** [cmTC_69d4c/fast] Error 2


===== END =====

Compilation failed:
    source file: '/Users/liam/Documents/dev/tcd-finalyear/computer-vision/opencv/cmake/checks/cpu_avx512icl.cpp'
    check option: ''
===== BUILD LOG =====
Change Dir: /Users/liam/Documents/dev/tcd-finalyear/computer-vision/build_opencv/CMakeFiles/CMakeTmp

Run Build Command(s):/usr/bin/make cmTC_a8900/fast && /Applications/Xcode.app/Contents/Developer/usr/bin/make  -f CMakeFiles/cmTC_a8900.dir/build.make CMakeFiles/cmTC_a8900.dir/build
Building CXX object CMakeFiles/cmTC_a8900.dir/cpu_avx512icl.cpp.o
/Applications/Xcode.app/Contents/Developer/Toolchains/XcodeDefault.xctoolchain/usr/bin/c++   -O3 -DNDEBUG -isysroot /Applications/Xcode.app/Contents/Developer/Platforms/MacOSX.platform/Developer/SDKs/MacOSX13.3.sdk -fPIE -std=c++11 -o CMakeFiles/cmTC_a8900.dir/cpu_avx512icl.cpp.o -c /Users/liam/Documents/dev/tcd-finalyear/computer-vision/opencv/cmake/checks/cpu_avx512icl.cpp
/Users/liam/Documents/dev/tcd-finalyear/computer-vision/opencv/cmake/checks/cpu_avx512icl.cpp:12:2: error: "AVX512-ICL is not supported"
#error "AVX512-ICL is not supported"
 ^
1 error generated.
make[1]: *** [CMakeFiles/cmTC_a8900.dir/cpu_avx512icl.cpp.o] Error 1
make: *** [cmTC_a8900/fast] Error 2


===== END =====

Compilation failed:
    source file: '/Users/liam/Documents/dev/tcd-finalyear/computer-vision/build_opencv/CMakeFiles/CMakeTmp/src.cxx'
    check option: ''
===== BUILD LOG =====
Change Dir: /Users/liam/Documents/dev/tcd-finalyear/computer-vision/build_opencv/CMakeFiles/CMakeTmp

Run Build Command(s):/usr/bin/make cmTC_3c87b/fast && /Applications/Xcode.app/Contents/Developer/usr/bin/make  -f CMakeFiles/cmTC_3c87b.dir/build.make CMakeFiles/cmTC_3c87b.dir/build
Building CXX object CMakeFiles/cmTC_3c87b.dir/src.cxx.o
/Applications/Xcode.app/Contents/Developer/Toolchains/XcodeDefault.xctoolchain/usr/bin/c++   -O3 -DNDEBUG -isysroot /Applications/Xcode.app/Contents/Developer/Platforms/MacOSX.platform/Developer/SDKs/MacOSX13.3.sdk -fPIE -std=c++11 -o CMakeFiles/cmTC_3c87b.dir/src.cxx.o -c /Users/liam/Documents/dev/tcd-finalyear/computer-vision/build_opencv/CMakeFiles/CMakeTmp/src.cxx
Linking CXX executable cmTC_3c87b
/usr/local/Cellar/cmake/3.19.4/bin/cmake -E cmake_link_script CMakeFiles/cmTC_3c87b.dir/link.txt --verbose=1
/Applications/Xcode.app/Contents/Developer/Toolchains/XcodeDefault.xctoolchain/usr/bin/c++ -O3 -DNDEBUG -isysroot /Applications/Xcode.app/Contents/Developer/Platforms/MacOSX.platform/Developer/SDKs/MacOSX13.3.sdk -Wl,-search_paths_first -Wl,-headerpad_max_install_names  -Wl,--as-needed  CMakeFiles/cmTC_3c87b.dir/src.cxx.o -o cmTC_3c87b 
ld: unknown option: --as-needed
clang: error: linker command failed with exit code 1 (use -v to see invocation)
make[1]: *** [cmTC_3c87b] Error 1
make: *** [cmTC_3c87b/fast] Error 2


===== END =====

Compilation failed:
    source file: '/Users/liam/Documents/dev/tcd-finalyear/computer-vision/build_opencv/CMakeFiles/CMakeTmp/src.cxx'
    check option: ''
===== BUILD LOG =====
Change Dir: /Users/liam/Documents/dev/tcd-finalyear/computer-vision/build_opencv/CMakeFiles/CMakeTmp

Run Build Command(s):/usr/bin/make cmTC_5fc4d/fast && /Applications/Xcode.app/Contents/Developer/usr/bin/make  -f CMakeFiles/cmTC_5fc4d.dir/build.make CMakeFiles/cmTC_5fc4d.dir/build
Building CXX object CMakeFiles/cmTC_5fc4d.dir/src.cxx.o
/Applications/Xcode.app/Contents/Developer/Toolchains/XcodeDefault.xctoolchain/usr/bin/c++   -O3 -DNDEBUG -isysroot /Applications/Xcode.app/Contents/Developer/Platforms/MacOSX.platform/Developer/SDKs/MacOSX13.3.sdk -fPIE -std=c++11 -o CMakeFiles/cmTC_5fc4d.dir/src.cxx.o -c /Users/liam/Documents/dev/tcd-finalyear/computer-vision/build_opencv/CMakeFiles/CMakeTmp/src.cxx
Linking CXX executable cmTC_5fc4d
/usr/local/Cellar/cmake/3.19.4/bin/cmake -E cmake_link_script CMakeFiles/cmTC_5fc4d.dir/link.txt --verbose=1
/Applications/Xcode.app/Contents/Developer/Toolchains/XcodeDefault.xctoolchain/usr/bin/c++ -O3 -DNDEBUG -isysroot /Applications/Xcode.app/Contents/Developer/Platforms/MacOSX.platform/Developer/SDKs/MacOSX13.3.sdk -Wl,-search_paths_first -Wl,-headerpad_max_install_names  -Wl,--no-undefined  CMakeFiles/cmTC_5fc4d.dir/src.cxx.o -o cmTC_5fc4d 
ld: unknown option: --no-undefined
clang: error: linker command failed with exit code 1 (use -v to see invocation)
make[1]: *** [cmTC_5fc4d] Error 1
make: *** [cmTC_5fc4d/fast] Error 2


===== END =====

Determining if the include file malloc.h exists failed with the following output:
Change Dir: /Users/liam/Documents/dev/tcd-finalyear/computer-vision/build_opencv/CMakeFiles/CMakeTmp

Run Build Command(s):/usr/bin/make cmTC_c5348/fast && /Applications/Xcode.app/Contents/Developer/usr/bin/make  -f CMakeFiles/cmTC_c5348.dir/build.make CMakeFiles/cmTC_c5348.dir/build
Building C object CMakeFiles/cmTC_c5348.dir/CheckIncludeFile.c.o
/Applications/Xcode.app/Contents/Developer/Toolchains/XcodeDefault.xctoolchain/usr/bin/cc   -fsigned-char -W -Wall -Wreturn-type -Wnon-virtual-dtor -Waddress -Wsequence-point -Wformat -Wformat-security -Wmissing-declarations -Wmissing-prototypes -Wstrict-prototypes -Wundef -Winit-self -Wpointer-arith -Wshadow -Wsign-promo -Wuninitialized -Wno-delete-non-virtual-dtor -Wno-unnamed-type-template-args -Wno-comment -fdiagnostics-show-option -Wno-long-long -Qunused-arguments -Wno-semicolon-before-method-body -ffunction-sections -fdata-sections  -fvisibility=hidden -fvisibility-inlines-hidden  -O3 -DNDEBUG  -DNDEBUG -isysroot /Applications/Xcode.app/Contents/Developer/Platforms/MacOSX.platform/Developer/SDKs/MacOSX13.3.sdk -fPIE -o CMakeFiles/cmTC_c5348.dir/CheckIncludeFile.c.o -c /Users/liam/Documents/dev/tcd-finalyear/computer-vision/build_opencv/CMakeFiles/CMakeTmp/CheckIncludeFile.c
/Users/liam/Documents/dev/tcd-finalyear/computer-vision/build_opencv/CMakeFiles/CMakeTmp/CheckIncludeFile.c:1:10: fatal error: 'malloc.h' file not found
#include <malloc.h>
         ^~~~~~~~~~
1 error generated.
make[1]: *** [CMakeFiles/cmTC_c5348.dir/CheckIncludeFile.c.o] Error 1
make: *** [cmTC_c5348/fast] Error 2



Determining size of off64_t failed with the following output:
Change Dir: /Users/liam/Documents/dev/tcd-finalyear/computer-vision/build_opencv/CMakeFiles/CMakeTmp

Run Build Command(s):/usr/bin/make cmTC_7d8e4/fast && /Applications/Xcode.app/Contents/Developer/usr/bin/make  -f CMakeFiles/cmTC_7d8e4.dir/build.make CMakeFiles/cmTC_7d8e4.dir/build
Building C object CMakeFiles/cmTC_7d8e4.dir/OFF64_T.c.o
/Applications/Xcode.app/Contents/Developer/Toolchains/XcodeDefault.xctoolchain/usr/bin/cc   -fsigned-char -W -Wall -Wreturn-type -Wnon-virtual-dtor -Waddress -Wsequence-point -Wformat -Wformat-security -Wmissing-declarations -Wmissing-prototypes -Wstrict-prototypes -Wundef -Winit-self -Wpointer-arith -Wshadow -Wsign-promo -Wuninitialized -Wno-delete-non-virtual-dtor -Wno-unnamed-type-template-args -Wno-comment -fdiagnostics-show-option -Wno-long-long -Qunused-arguments -Wno-semicolon-before-method-body -ffunction-sections -fdata-sections  -fvisibility=hidden -fvisibility-inlines-hidden  -O3 -DNDEBUG  -DNDEBUG -isysroot /Applications/Xcode.app/Contents/Developer/Platforms/MacOSX.platform/Developer/SDKs/MacOSX13.3.sdk -fPIE -o CMakeFiles/cmTC_7d8e4.dir/OFF64_T.c.o -c /Users/liam/Documents/dev/tcd-finalyear/computer-vision/build_opencv/CMakeFiles/CheckTypeSize/OFF64_T.c
/Users/liam/Documents/dev/tcd-finalyear/computer-vision/build_opencv/CMakeFiles/CheckTypeSize/OFF64_T.c:29:12: error: use of undeclared identifier 'off64_t'
  ('0' + ((SIZE / 10000)%10)),
           ^
/Users/liam/Documents/dev/tcd-finalyear/computer-vision/build_opencv/CMakeFiles/CheckTypeSize/OFF64_T.c:27:22: note: expanded from macro 'SIZE'
#define SIZE (sizeof(off64_t))
                     ^
/Users/liam/Documents/dev/tcd-finalyear/computer-vision/build_opencv/CMakeFiles/CheckTypeSize/OFF64_T.c:30:12: error: use of undeclared identifier 'off64_t'
  ('0' + ((SIZE / 1000)%10)),
           ^
/Users/liam/Documents/dev/tcd-finalyear/computer-vision/build_opencv/CMakeFiles/CheckTypeSize/OFF64_T.c:27:22: note: expanded from macro 'SIZE'
#define SIZE (sizeof(off64_t))
                     ^
/Users/liam/Documents/dev/tcd-finalyear/computer-vision/build_opencv/CMakeFiles/CheckTypeSize/OFF64_T.c:31:12: error: use of undeclared identifier 'off64_t'
  ('0' + ((SIZE / 100)%10)),
           ^
/Users/liam/Documents/dev/tcd-finalyear/computer-vision/build_opencv/CMakeFiles/CheckTypeSize/OFF64_T.c:27:22: note: expanded from macro 'SIZE'
#define SIZE (sizeof(off64_t))
                     ^
/Users/liam/Documents/dev/tcd-finalyear/computer-vision/build_opencv/CMakeFiles/CheckTypeSize/OFF64_T.c:32:12: error: use of undeclared identifier 'off64_t'
  ('0' + ((SIZE / 10)%10)),
           ^
/Users/liam/Documents/dev/tcd-finalyear/computer-vision/build_opencv/CMakeFiles/CheckTypeSize/OFF64_T.c:27:22: note: expanded from macro 'SIZE'
#define SIZE (sizeof(off64_t))
                     ^
/Users/liam/Documents/dev/tcd-finalyear/computer-vision/build_opencv/CMakeFiles/CheckTypeSize/OFF64_T.c:33:12: error: use of undeclared identifier 'off64_t'
  ('0' +  (SIZE    % 10)),
           ^
/Users/liam/Documents/dev/tcd-finalyear/computer-vision/build_opencv/CMakeFiles/CheckTypeSize/OFF64_T.c:27:22: note: expanded from macro 'SIZE'
#define SIZE (sizeof(off64_t))
                     ^
5 errors generated.
make[1]: *** [CMakeFiles/cmTC_7d8e4.dir/OFF64_T.c.o] Error 1
make: *** [cmTC_7d8e4/fast] Error 2


/Users/liam/Documents/dev/tcd-finalyear/computer-vision/build_opencv/CMakeFiles/CheckTypeSize/OFF64_T.c:
#include <sys/types.h>
#include <stdint.h>
#include <stddef.h>


#undef KEY
#if defined(__i386)
# define KEY '_','_','i','3','8','6'
#elif defined(__x86_64)
# define KEY '_','_','x','8','6','_','6','4'
#elif defined(__PPC64__)
# define KEY '_','_','P','P','C','6','4','_','_'
#elif defined(__ppc64__)
# define KEY '_','_','p','p','c','6','4','_','_'
#elif defined(__PPC__)
# define KEY '_','_','P','P','C','_','_'
#elif defined(__ppc__)
# define KEY '_','_','p','p','c','_','_'
#elif defined(__aarch64__)
# define KEY '_','_','a','a','r','c','h','6','4','_','_'
#elif defined(__ARM_ARCH_7A__)
# define KEY '_','_','A','R','M','_','A','R','C','H','_','7','A','_','_'
#elif defined(__ARM_ARCH_7S__)
# define KEY '_','_','A','R','M','_','A','R','C','H','_','7','S','_','_'
#endif

#define SIZE (sizeof(off64_t))
static char info_size[] =  {'I', 'N', 'F', 'O', ':', 's','i','z','e','[',
  ('0' + ((SIZE / 10000)%10)),
  ('0' + ((SIZE / 1000)%10)),
  ('0' + ((SIZE / 100)%10)),
  ('0' + ((SIZE / 10)%10)),
  ('0' +  (SIZE    % 10)),
  ']',
#ifdef KEY
  ' ','k','e','y','[', KEY, ']',
#endif
  '\0'};

#ifdef __CLASSIC_C__
int main(argc, argv) int argc; char *argv[];
#else
int main(int argc, char *argv[])
#endif
{
  int require = 0;
  require += info_size[argc];
  (void)argv;
  return require;
}


Determining if the include file io.h exists failed with the following output:
Change Dir: /Users/liam/Documents/dev/tcd-finalyear/computer-vision/build_opencv/CMakeFiles/CMakeTmp

Run Build Command(s):/usr/bin/make cmTC_fd4b7/fast && /Applications/Xcode.app/Contents/Developer/usr/bin/make  -f CMakeFiles/cmTC_fd4b7.dir/build.make CMakeFiles/cmTC_fd4b7.dir/build
Building C object CMakeFiles/cmTC_fd4b7.dir/CheckIncludeFile.c.o
/Applications/Xcode.app/Contents/Developer/Toolchains/XcodeDefault.xctoolchain/usr/bin/cc   -fsigned-char -W -Wall -Wreturn-type -Wnon-virtual-dtor -Waddress -Wsequence-point -Wformat -Wformat-security -Wmissing-declarations -Wmissing-prototypes -Wstrict-prototypes -Wundef -Winit-self -Wpointer-arith -Wshadow -Wsign-promo -Wuninitialized -Wno-delete-non-virtual-dtor -Wno-unnamed-type-template-args -Wno-comment -fdiagnostics-show-option -Wno-long-long -Qunused-arguments -Wno-semicolon-before-method-body -ffunction-sections -fdata-sections  -fvisibility=hidden -fvisibility-inlines-hidden  -O3 -DNDEBUG  -DNDEBUG -isysroot /Applications/Xcode.app/Contents/Developer/Platforms/MacOSX.platform/Developer/SDKs/MacOSX13.3.sdk -fPIE -o CMakeFiles/cmTC_fd4b7.dir/CheckIncludeFile.c.o -c /Users/liam/Documents/dev/tcd-finalyear/computer-vision/build_opencv/CMakeFiles/CMakeTmp/CheckIncludeFile.c
/Users/liam/Documents/dev/tcd-finalyear/computer-vision/build_opencv/CMakeFiles/CMakeTmp/CheckIncludeFile.c:1:10: fatal error: 'io.h' file not found
#include <io.h>
         ^~~~~~
1 error generated.
make[1]: *** [CMakeFiles/cmTC_fd4b7.dir/CheckIncludeFile.c.o] Error 1
make: *** [cmTC_fd4b7/fast] Error 2



Determining size of INT8 failed with the following output:
Change Dir: /Users/liam/Documents/dev/tcd-finalyear/computer-vision/build_opencv/CMakeFiles/CMakeTmp

Run Build Command(s):/usr/bin/make cmTC_d5411/fast && /Applications/Xcode.app/Contents/Developer/usr/bin/make  -f CMakeFiles/cmTC_d5411.dir/build.make CMakeFiles/cmTC_d5411.dir/build
Building C object CMakeFiles/cmTC_d5411.dir/int8.c.o
/Applications/Xcode.app/Contents/Developer/Toolchains/XcodeDefault.xctoolchain/usr/bin/cc   -fsigned-char -W -Wall -Wreturn-type -Wnon-virtual-dtor -Waddress -Wsequence-point -Wformat -Wformat-security -Wmissing-declarations -Wmissing-prototypes -Wstrict-prototypes -Wundef -Winit-self -Wpointer-arith -Wshadow -Wsign-promo -Wuninitialized -Wno-delete-non-virtual-dtor -Wno-unnamed-type-template-args -Wno-comment -fdiagnostics-show-option -Wno-long-long -Qunused-arguments -Wno-semicolon-before-method-body -ffunction-sections -fdata-sections  -fvisibility=hidden -fvisibility-inlines-hidden  -O3 -DNDEBUG  -DNDEBUG -isysroot /Applications/Xcode.app/Contents/Developer/Platforms/MacOSX.platform/Developer/SDKs/MacOSX13.3.sdk -fPIE -o CMakeFiles/cmTC_d5411.dir/int8.c.o -c /Users/liam/Documents/dev/tcd-finalyear/computer-vision/build_opencv/CMakeFiles/CheckTypeSize/int8.c
/Users/liam/Documents/dev/tcd-finalyear/computer-vision/build_opencv/CMakeFiles/CheckTypeSize/int8.c:29:12: error: use of undeclared identifier 'INT8'
  ('0' + ((SIZE / 10000)%10)),
           ^
/Users/liam/Documents/dev/tcd-finalyear/computer-vision/build_opencv/CMakeFiles/CheckTypeSize/int8.c:27:22: note: expanded from macro 'SIZE'
#define SIZE (sizeof(INT8))
                     ^
/Users/liam/Documents/dev/tcd-finalyear/computer-vision/build_opencv/CMakeFiles/CheckTypeSize/int8.c:30:12: error: use of undeclared identifier 'INT8'
  ('0' + ((SIZE / 1000)%10)),
           ^
/Users/liam/Documents/dev/tcd-finalyear/computer-vision/build_opencv/CMakeFiles/CheckTypeSize/int8.c:27:22: note: expanded from macro 'SIZE'
#define SIZE (sizeof(INT8))
                     ^
/Users/liam/Documents/dev/tcd-finalyear/computer-vision/build_opencv/CMakeFiles/CheckTypeSize/int8.c:31:12: error: use of undeclared identifier 'INT8'
  ('0' + ((SIZE / 100)%10)),
           ^
/Users/liam/Documents/dev/tcd-finalyear/computer-vision/build_opencv/CMakeFiles/CheckTypeSize/int8.c:27:22: note: expanded from macro 'SIZE'
#define SIZE (sizeof(INT8))
                     ^
/Users/liam/Documents/dev/tcd-finalyear/computer-vision/build_opencv/CMakeFiles/CheckTypeSize/int8.c:32:12: error: use of undeclared identifier 'INT8'
  ('0' + ((SIZE / 10)%10)),
           ^
/Users/liam/Documents/dev/tcd-finalyear/computer-vision/build_opencv/CMakeFiles/CheckTypeSize/int8.c:27:22: note: expanded from macro 'SIZE'
#define SIZE (sizeof(INT8))
                     ^
/Users/liam/Documents/dev/tcd-finalyear/computer-vision/build_opencv/CMakeFiles/CheckTypeSize/int8.c:33:12: error: use of undeclared identifier 'INT8'
  ('0' +  (SIZE    % 10)),
           ^
/Users/liam/Documents/dev/tcd-finalyear/computer-vision/build_opencv/CMakeFiles/CheckTypeSize/int8.c:27:22: note: expanded from macro 'SIZE'
#define SIZE (sizeof(INT8))
                     ^
5 errors generated.
make[1]: *** [CMakeFiles/cmTC_d5411.dir/int8.c.o] Error 1
make: *** [cmTC_d5411/fast] Error 2


/Users/liam/Documents/dev/tcd-finalyear/computer-vision/build_opencv/CMakeFiles/CheckTypeSize/int8.c:
#include <sys/types.h>
#include <stdint.h>
#include <stddef.h>


#undef KEY
#if defined(__i386)
# define KEY '_','_','i','3','8','6'
#elif defined(__x86_64)
# define KEY '_','_','x','8','6','_','6','4'
#elif defined(__PPC64__)
# define KEY '_','_','P','P','C','6','4','_','_'
#elif defined(__ppc64__)
# define KEY '_','_','p','p','c','6','4','_','_'
#elif defined(__PPC__)
# define KEY '_','_','P','P','C','_','_'
#elif defined(__ppc__)
# define KEY '_','_','p','p','c','_','_'
#elif defined(__aarch64__)
# define KEY '_','_','a','a','r','c','h','6','4','_','_'
#elif defined(__ARM_ARCH_7A__)
# define KEY '_','_','A','R','M','_','A','R','C','H','_','7','A','_','_'
#elif defined(__ARM_ARCH_7S__)
# define KEY '_','_','A','R','M','_','A','R','C','H','_','7','S','_','_'
#endif

#define SIZE (sizeof(INT8))
static char info_size[] =  {'I', 'N', 'F', 'O', ':', 's','i','z','e','[',
  ('0' + ((SIZE / 10000)%10)),
  ('0' + ((SIZE / 1000)%10)),
  ('0' + ((SIZE / 100)%10)),
  ('0' + ((SIZE / 10)%10)),
  ('0' +  (SIZE    % 10)),
  ']',
#ifdef KEY
  ' ','k','e','y','[', KEY, ']',
#endif
  '\0'};

#ifdef __CLASSIC_C__
int main(argc, argv) int argc; char *argv[];
#else
int main(int argc, char *argv[])
#endif
{
  int require = 0;
  require += info_size[argc];
  (void)argv;
  return require;
}


Determining size of INT16 failed with the following output:
Change Dir: /Users/liam/Documents/dev/tcd-finalyear/computer-vision/build_opencv/CMakeFiles/CMakeTmp

Run Build Command(s):/usr/bin/make cmTC_63e62/fast && /Applications/Xcode.app/Contents/Developer/usr/bin/make  -f CMakeFiles/cmTC_63e62.dir/build.make CMakeFiles/cmTC_63e62.dir/build
Building C object CMakeFiles/cmTC_63e62.dir/int16.c.o
/Applications/Xcode.app/Contents/Developer/Toolchains/XcodeDefault.xctoolchain/usr/bin/cc   -fsigned-char -W -Wall -Wreturn-type -Wnon-virtual-dtor -Waddress -Wsequence-point -Wformat -Wformat-security -Wmissing-declarations -Wmissing-prototypes -Wstrict-prototypes -Wundef -Winit-self -Wpointer-arith -Wshadow -Wsign-promo -Wuninitialized -Wno-delete-non-virtual-dtor -Wno-unnamed-type-template-args -Wno-comment -fdiagnostics-show-option -Wno-long-long -Qunused-arguments -Wno-semicolon-before-method-body -ffunction-sections -fdata-sections  -fvisibility=hidden -fvisibility-inlines-hidden  -O3 -DNDEBUG  -DNDEBUG -isysroot /Applications/Xcode.app/Contents/Developer/Platforms/MacOSX.platform/Developer/SDKs/MacOSX13.3.sdk -fPIE -o CMakeFiles/cmTC_63e62.dir/int16.c.o -c /Users/liam/Documents/dev/tcd-finalyear/computer-vision/build_opencv/CMakeFiles/CheckTypeSize/int16.c
/Users/liam/Documents/dev/tcd-finalyear/computer-vision/build_opencv/CMakeFiles/CheckTypeSize/int16.c:29:12: error: use of undeclared identifier 'INT16'
  ('0' + ((SIZE / 10000)%10)),
           ^
/Users/liam/Documents/dev/tcd-finalyear/computer-vision/build_opencv/CMakeFiles/CheckTypeSize/int16.c:27:22: note: expanded from macro 'SIZE'
#define SIZE (sizeof(INT16))
                     ^
/Users/liam/Documents/dev/tcd-finalyear/computer-vision/build_opencv/CMakeFiles/CheckTypeSize/int16.c:30:12: error: use of undeclared identifier 'INT16'
  ('0' + ((SIZE / 1000)%10)),
           ^
/Users/liam/Documents/dev/tcd-finalyear/computer-vision/build_opencv/CMakeFiles/CheckTypeSize/int16.c:27:22: note: expanded from macro 'SIZE'
#define SIZE (sizeof(INT16))
                     ^
/Users/liam/Documents/dev/tcd-finalyear/computer-vision/build_opencv/CMakeFiles/CheckTypeSize/int16.c:31:12: error: use of undeclared identifier 'INT16'
  ('0' + ((SIZE / 100)%10)),
           ^
/Users/liam/Documents/dev/tcd-finalyear/computer-vision/build_opencv/CMakeFiles/CheckTypeSize/int16.c:27:22: note: expanded from macro 'SIZE'
#define SIZE (sizeof(INT16))
                     ^
/Users/liam/Documents/dev/tcd-finalyear/computer-vision/build_opencv/CMakeFiles/CheckTypeSize/int16.c:32:12: error: use of undeclared identifier 'INT16'
  ('0' + ((SIZE / 10)%10)),
           ^
/Users/liam/Documents/dev/tcd-finalyear/computer-vision/build_opencv/CMakeFiles/CheckTypeSize/int16.c:27:22: note: expanded from macro 'SIZE'
#define SIZE (sizeof(INT16))
                     ^
/Users/liam/Documents/dev/tcd-finalyear/computer-vision/build_opencv/CMakeFiles/CheckTypeSize/int16.c:33:12: error: use of undeclared identifier 'INT16'
  ('0' +  (SIZE    % 10)),
           ^
/Users/liam/Documents/dev/tcd-finalyear/computer-vision/build_opencv/CMakeFiles/CheckTypeSize/int16.c:27:22: note: expanded from macro 'SIZE'
#define SIZE (sizeof(INT16))
                     ^
5 errors generated.
make[1]: *** [CMakeFiles/cmTC_63e62.dir/int16.c.o] Error 1
make: *** [cmTC_63e62/fast] Error 2


/Users/liam/Documents/dev/tcd-finalyear/computer-vision/build_opencv/CMakeFiles/CheckTypeSize/int16.c:
#include <sys/types.h>
#include <stdint.h>
#include <stddef.h>


#undef KEY
#if defined(__i386)
# define KEY '_','_','i','3','8','6'
#elif defined(__x86_64)
# define KEY '_','_','x','8','6','_','6','4'
#elif defined(__PPC64__)
# define KEY '_','_','P','P','C','6','4','_','_'
#elif defined(__ppc64__)
# define KEY '_','_','p','p','c','6','4','_','_'
#elif defined(__PPC__)
# define KEY '_','_','P','P','C','_','_'
#elif defined(__ppc__)
# define KEY '_','_','p','p','c','_','_'
#elif defined(__aarch64__)
# define KEY '_','_','a','a','r','c','h','6','4','_','_'
#elif defined(__ARM_ARCH_7A__)
# define KEY '_','_','A','R','M','_','A','R','C','H','_','7','A','_','_'
#elif defined(__ARM_ARCH_7S__)
# define KEY '_','_','A','R','M','_','A','R','C','H','_','7','S','_','_'
#endif

#define SIZE (sizeof(INT16))
static char info_size[] =  {'I', 'N', 'F', 'O', ':', 's','i','z','e','[',
  ('0' + ((SIZE / 10000)%10)),
  ('0' + ((SIZE / 1000)%10)),
  ('0' + ((SIZE / 100)%10)),
  ('0' + ((SIZE / 10)%10)),
  ('0' +  (SIZE    % 10)),
  ']',
#ifdef KEY
  ' ','k','e','y','[', KEY, ']',
#endif
  '\0'};

#ifdef __CLASSIC_C__
int main(argc, argv) int argc; char *argv[];
#else
int main(int argc, char *argv[])
#endif
{
  int require = 0;
  require += info_size[argc];
  (void)argv;
  return require;
}


Determining size of INT32 failed with the following output:
Change Dir: /Users/liam/Documents/dev/tcd-finalyear/computer-vision/build_opencv/CMakeFiles/CMakeTmp

Run Build Command(s):/usr/bin/make cmTC_820d6/fast && /Applications/Xcode.app/Contents/Developer/usr/bin/make  -f CMakeFiles/cmTC_820d6.dir/build.make CMakeFiles/cmTC_820d6.dir/build
Building C object CMakeFiles/cmTC_820d6.dir/int32.c.o
/Applications/Xcode.app/Contents/Developer/Toolchains/XcodeDefault.xctoolchain/usr/bin/cc   -fsigned-char -W -Wall -Wreturn-type -Wnon-virtual-dtor -Waddress -Wsequence-point -Wformat -Wformat-security -Wmissing-declarations -Wmissing-prototypes -Wstrict-prototypes -Wundef -Winit-self -Wpointer-arith -Wshadow -Wsign-promo -Wuninitialized -Wno-delete-non-virtual-dtor -Wno-unnamed-type-template-args -Wno-comment -fdiagnostics-show-option -Wno-long-long -Qunused-arguments -Wno-semicolon-before-method-body -ffunction-sections -fdata-sections  -fvisibility=hidden -fvisibility-inlines-hidden  -O3 -DNDEBUG  -DNDEBUG -isysroot /Applications/Xcode.app/Contents/Developer/Platforms/MacOSX.platform/Developer/SDKs/MacOSX13.3.sdk -fPIE -o CMakeFiles/cmTC_820d6.dir/int32.c.o -c /Users/liam/Documents/dev/tcd-finalyear/computer-vision/build_opencv/CMakeFiles/CheckTypeSize/int32.c
/Users/liam/Documents/dev/tcd-finalyear/computer-vision/build_opencv/CMakeFiles/CheckTypeSize/int32.c:29:12: error: use of undeclared identifier 'INT32'
  ('0' + ((SIZE / 10000)%10)),
           ^
/Users/liam/Documents/dev/tcd-finalyear/computer-vision/build_opencv/CMakeFiles/CheckTypeSize/int32.c:27:22: note: expanded from macro 'SIZE'
#define SIZE (sizeof(INT32))
                     ^
/Users/liam/Documents/dev/tcd-finalyear/computer-vision/build_opencv/CMakeFiles/CheckTypeSize/int32.c:30:12: error: use of undeclared identifier 'INT32'
  ('0' + ((SIZE / 1000)%10)),
           ^
/Users/liam/Documents/dev/tcd-finalyear/computer-vision/build_opencv/CMakeFiles/CheckTypeSize/int32.c:27:22: note: expanded from macro 'SIZE'
#define SIZE (sizeof(INT32))
                     ^
/Users/liam/Documents/dev/tcd-finalyear/computer-vision/build_opencv/CMakeFiles/CheckTypeSize/int32.c:31:12: error: use of undeclared identifier 'INT32'
  ('0' + ((SIZE / 100)%10)),
           ^
/Users/liam/Documents/dev/tcd-finalyear/computer-vision/build_opencv/CMakeFiles/CheckTypeSize/int32.c:27:22: note: expanded from macro 'SIZE'
#define SIZE (sizeof(INT32))
                     ^
/Users/liam/Documents/dev/tcd-finalyear/computer-vision/build_opencv/CMakeFiles/CheckTypeSize/int32.c:32:12: error: use of undeclared identifier 'INT32'
  ('0' + ((SIZE / 10)%10)),
           ^
/Users/liam/Documents/dev/tcd-finalyear/computer-vision/build_opencv/CMakeFiles/CheckTypeSize/int32.c:27:22: note: expanded from macro 'SIZE'
#define SIZE (sizeof(INT32))
                     ^
/Users/liam/Documents/dev/tcd-finalyear/computer-vision/build_opencv/CMakeFiles/CheckTypeSize/int32.c:33:12: error: use of undeclared identifier 'INT32'
  ('0' +  (SIZE    % 10)),
           ^
/Users/liam/Documents/dev/tcd-finalyear/computer-vision/build_opencv/CMakeFiles/CheckTypeSize/int32.c:27:22: note: expanded from macro 'SIZE'
#define SIZE (sizeof(INT32))
                     ^
5 errors generated.
make[1]: *** [CMakeFiles/cmTC_820d6.dir/int32.c.o] Error 1
make: *** [cmTC_820d6/fast] Error 2


/Users/liam/Documents/dev/tcd-finalyear/computer-vision/build_opencv/CMakeFiles/CheckTypeSize/int32.c:
#include <sys/types.h>
#include <stdint.h>
#include <stddef.h>


#undef KEY
#if defined(__i386)
# define KEY '_','_','i','3','8','6'
#elif defined(__x86_64)
# define KEY '_','_','x','8','6','_','6','4'
#elif defined(__PPC64__)
# define KEY '_','_','P','P','C','6','4','_','_'
#elif defined(__ppc64__)
# define KEY '_','_','p','p','c','6','4','_','_'
#elif defined(__PPC__)
# define KEY '_','_','P','P','C','_','_'
#elif defined(__ppc__)
# define KEY '_','_','p','p','c','_','_'
#elif defined(__aarch64__)
# define KEY '_','_','a','a','r','c','h','6','4','_','_'
#elif defined(__ARM_ARCH_7A__)
# define KEY '_','_','A','R','M','_','A','R','C','H','_','7','A','_','_'
#elif defined(__ARM_ARCH_7S__)
# define KEY '_','_','A','R','M','_','A','R','C','H','_','7','S','_','_'
#endif

#define SIZE (sizeof(INT32))
static char info_size[] =  {'I', 'N', 'F', 'O', ':', 's','i','z','e','[',
  ('0' + ((SIZE / 10000)%10)),
  ('0' + ((SIZE / 1000)%10)),
  ('0' + ((SIZE / 100)%10)),
  ('0' + ((SIZE / 10)%10)),
  ('0' +  (SIZE    % 10)),
  ']',
#ifdef KEY
  ' ','k','e','y','[', KEY, ']',
#endif
  '\0'};

#ifdef __CLASSIC_C__
int main(argc, argv) int argc; char *argv[];
#else
int main(int argc, char *argv[])
#endif
{
  int require = 0;
  require += info_size[argc];
  (void)argv;
  return require;
}


Build output check failed:
    Regex: 'unknown .*option'
    Output line: 'warning: unknown warning option '-Wno-maybe-uninitialized', did you mean '-Wno-uninitialized'? [-Wunknown-warning-option]'
Compilation failed:
    source file: '/Users/liam/Documents/dev/tcd-finalyear/computer-vision/build_opencv/CMakeFiles/CMakeTmp/src.c'
    check option: ' -Wno-maybe-uninitialized'
===== BUILD LOG =====
Change Dir: /Users/liam/Documents/dev/tcd-finalyear/computer-vision/build_opencv/CMakeFiles/CMakeTmp

Run Build Command(s):/usr/bin/make cmTC_f6b13/fast && /Applications/Xcode.app/Contents/Developer/usr/bin/make  -f CMakeFiles/cmTC_f6b13.dir/build.make CMakeFiles/cmTC_f6b13.dir/build
Building C object CMakeFiles/cmTC_f6b13.dir/src.c.o
/Applications/Xcode.app/Contents/Developer/Toolchains/XcodeDefault.xctoolchain/usr/bin/cc   -fsigned-char -W -Wall -Wreturn-type -Wnon-virtual-dtor -Waddress -Wsequence-point -Wformat -Wformat-security -Wstrict-prototypes -Winit-self -Wpointer-arith -Wsign-promo -Wuninitialized -Wno-delete-non-virtual-dtor -Wno-unnamed-type-template-args -Wno-comment -fdiagnostics-show-option -Wno-long-long -Qunused-arguments -Wno-semicolon-before-method-body -ffunction-sections -fdata-sections  -fvisibility=hidden -fvisibility-inlines-hidden -Wno-unused-but-set-variable -Wno-missing-prototypes -Wno-missing-declarations -Wno-undef -Wno-unused -Wno-sign-compare -Wno-cast-align -Wno-shadow  -O3 -DNDEBUG  -DNDEBUG -isysroot /Applications/Xcode.app/Contents/Developer/Platforms/MacOSX.platform/Developer/SDKs/MacOSX13.3.sdk -fPIE    -Wno-maybe-uninitialized -o CMakeFiles/cmTC_f6b13.dir/src.c.o -c /Users/liam/Documents/dev/tcd-finalyear/computer-vision/build_opencv/CMakeFiles/CMakeTmp/src.c
warning: unknown warning option '-Wno-maybe-uninitialized'; did you mean '-Wno-uninitialized'? [-Wunknown-warning-option]
/Users/liam/Documents/dev/tcd-finalyear/computer-vision/build_opencv/CMakeFiles/CMakeTmp/src.c:1:8: warning: unknown pragma ignored [-Wunknown-pragmas]
#pragma
       ^
2 warnings generated.
Linking C executable cmTC_f6b13
/usr/local/Cellar/cmake/3.19.4/bin/cmake -E cmake_link_script CMakeFiles/cmTC_f6b13.dir/link.txt --verbose=1
/Applications/Xcode.app/Contents/Developer/Toolchains/XcodeDefault.xctoolchain/usr/bin/cc    -fsigned-char -W -Wall -Wreturn-type -Wnon-virtual-dtor -Waddress -Wsequence-point -Wformat -Wformat-security -Wstrict-prototypes -Winit-self -Wpointer-arith -Wsign-promo -Wuninitialized -Wno-delete-non-virtual-dtor -Wno-unnamed-type-template-args -Wno-comment -fdiagnostics-show-option -Wno-long-long -Qunused-arguments -Wno-semicolon-before-method-body -ffunction-sections -fdata-sections  -fvisibility=hidden -fvisibility-inlines-hidden -Wno-unused-but-set-variable -Wno-missing-prototypes -Wno-missing-declarations -Wno-undef -Wno-unused -Wno-sign-compare -Wno-cast-align -Wno-shadow  -O3 -DNDEBUG  -DNDEBUG -isysroot /Applications/Xcode.app/Contents/Developer/Platforms/MacOSX.platform/Developer/SDKs/MacOSX13.3.sdk -Wl,-search_paths_first -Wl,-headerpad_max_install_names   -Wl,-dead_strip  CMakeFiles/cmTC_f6b13.dir/src.c.o -o cmTC_f6b13 


===== END =====

Build output check failed:
    Regex: 'unknown .*option'
    Output line: 'warning: unknown warning option '-Wno-array-parameter', did you mean '-Wno-unused-parameter'? [-Wunknown-warning-option]'
Compilation failed:
    source file: '/Users/liam/Documents/dev/tcd-finalyear/computer-vision/build_opencv/CMakeFiles/CMakeTmp/src.c'
    check option: ' -Wno-array-parameter'
===== BUILD LOG =====
Change Dir: /Users/liam/Documents/dev/tcd-finalyear/computer-vision/build_opencv/CMakeFiles/CMakeTmp

Run Build Command(s):/usr/bin/make cmTC_1b731/fast && /Applications/Xcode.app/Contents/Developer/usr/bin/make  -f CMakeFiles/cmTC_1b731.dir/build.make CMakeFiles/cmTC_1b731.dir/build
Building C object CMakeFiles/cmTC_1b731.dir/src.c.o
/Applications/Xcode.app/Contents/Developer/Toolchains/XcodeDefault.xctoolchain/usr/bin/cc   -fsigned-char -W -Wall -Wreturn-type -Wnon-virtual-dtor -Waddress -Wsequence-point -Wformat -Wformat-security -Wstrict-prototypes -Winit-self -Wpointer-arith -Wsign-promo -Wuninitialized -Wno-delete-non-virtual-dtor -Wno-unnamed-type-template-args -Wno-comment -fdiagnostics-show-option -Wno-long-long -Qunused-arguments -Wno-semicolon-before-method-body -ffunction-sections -fdata-sections  -fvisibility=hidden -fvisibility-inlines-hidden -Wno-unused-but-set-variable -Wno-missing-prototypes -Wno-missing-declarations -Wno-undef -Wno-unused -Wno-sign-compare -Wno-cast-align -Wno-shadow -Wno-pointer-to-int-cast -Wno-int-to-pointer-cast -Wno-misleading-indentation -Wno-implicit-fallthrough -Wno-unused-parameter  -O3 -DNDEBUG  -DNDEBUG -isysroot /Applications/Xcode.app/Contents/Developer/Platforms/MacOSX.platform/Developer/SDKs/MacOSX13.3.sdk -fPIE    -Wno-array-parameter -o CMakeFiles/cmTC_1b731.dir/src.c.o -c /Users/liam/Documents/dev/tcd-finalyear/computer-vision/build_opencv/CMakeFiles/CMakeTmp/src.c
warning: unknown warning option '-Wno-array-parameter'; did you mean '-Wno-unused-parameter'? [-Wunknown-warning-option]
/Users/liam/Documents/dev/tcd-finalyear/computer-vision/build_opencv/CMakeFiles/CMakeTmp/src.c:1:8: warning: unknown pragma ignored [-Wunknown-pragmas]
#pragma
       ^
2 warnings generated.
Linking C executable cmTC_1b731
/usr/local/Cellar/cmake/3.19.4/bin/cmake -E cmake_link_script CMakeFiles/cmTC_1b731.dir/link.txt --verbose=1
/Applications/Xcode.app/Contents/Developer/Toolchains/XcodeDefault.xctoolchain/usr/bin/cc    -fsigned-char -W -Wall -Wreturn-type -Wnon-virtual-dtor -Waddress -Wsequence-point -Wformat -Wformat-security -Wstrict-prototypes -Winit-self -Wpointer-arith -Wsign-promo -Wuninitialized -Wno-delete-non-virtual-dtor -Wno-unnamed-type-template-args -Wno-comment -fdiagnostics-show-option -Wno-long-long -Qunused-arguments -Wno-semicolon-before-method-body -ffunction-sections -fdata-sections  -fvisibility=hidden -fvisibility-inlines-hidden -Wno-unused-but-set-variable -Wno-missing-prototypes -Wno-missing-declarations -Wno-undef -Wno-unused -Wno-sign-compare -Wno-cast-align -Wno-shadow -Wno-pointer-to-int-cast -Wno-int-to-pointer-cast -Wno-misleading-indentation -Wno-implicit-fallthrough -Wno-unused-parameter  -O3 -DNDEBUG  -DNDEBUG -isysroot /Applications/Xcode.app/Contents/Developer/Platforms/MacOSX.platform/Developer/SDKs/MacOSX13.3.sdk -Wl,-search_paths_first -Wl,-headerpad_max_install_names   -Wl,-dead_strip  CMakeFiles/cmTC_1b731.dir/src.c.o -o cmTC_1b731 


===== END =====

Determining if files malloc.h exist failed with the following output:
Change Dir: /Users/liam/Documents/dev/tcd-finalyear/computer-vision/build_opencv/CMakeFiles/CMakeTmp

Run Build Command(s):/usr/bin/make cmTC_d33ec/fast && /Applications/Xcode.app/Contents/Developer/usr/bin/make  -f CMakeFiles/cmTC_d33ec.dir/build.make CMakeFiles/cmTC_d33ec.dir/build
Building C object CMakeFiles/cmTC_d33ec.dir/OPJ_HAVE_MALLOC_H.c.o
/Applications/Xcode.app/Contents/Developer/Toolchains/XcodeDefault.xctoolchain/usr/bin/cc   -fsigned-char -W -Wall -Wreturn-type -Wnon-virtual-dtor -Waddress -Wsequence-point -Wformat -Wformat-security -Wmissing-declarations -Wmissing-prototypes -Wstrict-prototypes -Wundef -Winit-self -Wpointer-arith -Wshadow -Wsign-promo -Wuninitialized -Wno-delete-non-virtual-dtor -Wno-unnamed-type-template-args -Wno-comment -fdiagnostics-show-option -Wno-long-long -Qunused-arguments -Wno-semicolon-before-method-body -ffunction-sections -fdata-sections  -fvisibility=hidden -fvisibility-inlines-hidden -Wno-implicit-const-int-float-conversion -Wno-unused-but-set-variable  -O3 -DNDEBUG  -DNDEBUG -isysroot /Applications/Xcode.app/Contents/Developer/Platforms/MacOSX.platform/Developer/SDKs/MacOSX13.3.sdk -fPIE -o CMakeFiles/cmTC_d33ec.dir/OPJ_HAVE_MALLOC_H.c.o -c /Users/liam/Documents/dev/tcd-finalyear/computer-vision/build_opencv/CMakeFiles/CheckIncludeFiles/OPJ_HAVE_MALLOC_H.c
/Users/liam/Documents/dev/tcd-finalyear/computer-vision/build_opencv/CMakeFiles/CheckIncludeFiles/OPJ_HAVE_MALLOC_H.c:2:10: fatal error: 'malloc.h' file not found
#include <malloc.h>
         ^~~~~~~~~~
1 error generated.
make[1]: *** [CMakeFiles/cmTC_d33ec.dir/OPJ_HAVE_MALLOC_H.c.o] Error 1
make: *** [cmTC_d33ec/fast] Error 2


Source:
/* */
#include <malloc.h>


int main(void){return 0;}

Determining if the _aligned_malloc exist failed with the following output:
Change Dir: /Users/liam/Documents/dev/tcd-finalyear/computer-vision/build_opencv/CMakeFiles/CMakeTmp

Run Build Command(s):/usr/bin/make cmTC_49db9/fast && /Applications/Xcode.app/Contents/Developer/usr/bin/make  -f CMakeFiles/cmTC_49db9.dir/build.make CMakeFiles/cmTC_49db9.dir/build
Building C object CMakeFiles/cmTC_49db9.dir/CheckSymbolExists.c.o
/Applications/Xcode.app/Contents/Developer/Toolchains/XcodeDefault.xctoolchain/usr/bin/cc   -fsigned-char -W -Wall -Wreturn-type -Wnon-virtual-dtor -Waddress -Wsequence-point -Wformat -Wformat-security -Wmissing-declarations -Wmissing-prototypes -Wstrict-prototypes -Wundef -Winit-self -Wpointer-arith -Wshadow -Wsign-promo -Wuninitialized -Wno-delete-non-virtual-dtor -Wno-unnamed-type-template-args -Wno-comment -fdiagnostics-show-option -Wno-long-long -Qunused-arguments -Wno-semicolon-before-method-body -ffunction-sections -fdata-sections  -fvisibility=hidden -fvisibility-inlines-hidden -Wno-implicit-const-int-float-conversion -Wno-unused-but-set-variable  -O3 -DNDEBUG  -DNDEBUG -isysroot /Applications/Xcode.app/Contents/Developer/Platforms/MacOSX.platform/Developer/SDKs/MacOSX13.3.sdk -fPIE -o CMakeFiles/cmTC_49db9.dir/CheckSymbolExists.c.o -c /Users/liam/Documents/dev/tcd-finalyear/computer-vision/build_opencv/CMakeFiles/CMakeTmp/CheckSymbolExists.c
/Users/liam/Documents/dev/tcd-finalyear/computer-vision/build_opencv/CMakeFiles/CMakeTmp/CheckSymbolExists.c:2:10: fatal error: 'malloc.h' file not found
#include <malloc.h>
         ^~~~~~~~~~
1 error generated.
make[1]: *** [CMakeFiles/cmTC_49db9.dir/CheckSymbolExists.c.o] Error 1
make: *** [cmTC_49db9/fast] Error 2


File /Users/liam/Documents/dev/tcd-finalyear/computer-vision/build_opencv/CMakeFiles/CMakeTmp/CheckSymbolExists.c:
/* */
#include <malloc.h>

int main(int argc, char** argv)
{
  (void)argv;
#ifndef _aligned_malloc
  return ((int*)(&_aligned_malloc))[argc];
#else
  (void)argc;
  return 0;
#endif
}
Determining if the memalign exist failed with the following output:
Change Dir: /Users/liam/Documents/dev/tcd-finalyear/computer-vision/build_opencv/CMakeFiles/CMakeTmp

Run Build Command(s):/usr/bin/make cmTC_a3308/fast && /Applications/Xcode.app/Contents/Developer/usr/bin/make  -f CMakeFiles/cmTC_a3308.dir/build.make CMakeFiles/cmTC_a3308.dir/build
Building C object CMakeFiles/cmTC_a3308.dir/CheckSymbolExists.c.o
/Applications/Xcode.app/Contents/Developer/Toolchains/XcodeDefault.xctoolchain/usr/bin/cc   -fsigned-char -W -Wall -Wreturn-type -Wnon-virtual-dtor -Waddress -Wsequence-point -Wformat -Wformat-security -Wmissing-declarations -Wmissing-prototypes -Wstrict-prototypes -Wundef -Winit-self -Wpointer-arith -Wshadow -Wsign-promo -Wuninitialized -Wno-delete-non-virtual-dtor -Wno-unnamed-type-template-args -Wno-comment -fdiagnostics-show-option -Wno-long-long -Qunused-arguments -Wno-semicolon-before-method-body -ffunction-sections -fdata-sections  -fvisibility=hidden -fvisibility-inlines-hidden -Wno-implicit-const-int-float-conversion -Wno-unused-but-set-variable  -O3 -DNDEBUG  -DNDEBUG -isysroot /Applications/Xcode.app/Contents/Developer/Platforms/MacOSX.platform/Developer/SDKs/MacOSX13.3.sdk -fPIE -o CMakeFiles/cmTC_a3308.dir/CheckSymbolExists.c.o -c /Users/liam/Documents/dev/tcd-finalyear/computer-vision/build_opencv/CMakeFiles/CMakeTmp/CheckSymbolExists.c
/Users/liam/Documents/dev/tcd-finalyear/computer-vision/build_opencv/CMakeFiles/CMakeTmp/CheckSymbolExists.c:2:10: fatal error: 'malloc.h' file not found
#include <malloc.h>
         ^~~~~~~~~~
1 error generated.
make[1]: *** [CMakeFiles/cmTC_a3308.dir/CheckSymbolExists.c.o] Error 1
make: *** [cmTC_a3308/fast] Error 2


File /Users/liam/Documents/dev/tcd-finalyear/computer-vision/build_opencv/CMakeFiles/CMakeTmp/CheckSymbolExists.c:
/* */
#include <malloc.h>

int main(int argc, char** argv)
{
  (void)argv;
#ifndef memalign
  return ((int*)(&memalign))[argc];
#else
  (void)argc;
  return 0;
#endif
}
Determining if the function sgemm_ exists failed with the following output:
Change Dir: /Users/liam/Documents/dev/tcd-finalyear/computer-vision/build_opencv/CMakeFiles/CMakeTmp

Run Build Command(s):/usr/bin/make cmTC_8c5ed/fast && /Applications/Xcode.app/Contents/Developer/usr/bin/make  -f CMakeFiles/cmTC_8c5ed.dir/build.make CMakeFiles/cmTC_8c5ed.dir/build
Building C object CMakeFiles/cmTC_8c5ed.dir/CheckFunctionExists.c.o
/Applications/Xcode.app/Contents/Developer/Toolchains/XcodeDefault.xctoolchain/usr/bin/cc   -fsigned-char -W -Wall -Wreturn-type -Wnon-virtual-dtor -Waddress -Wsequence-point -Wformat -Wformat-security -Wmissing-declarations -Wmissing-prototypes -Wstrict-prototypes -Wundef -Winit-self -Wpointer-arith -Wshadow -Wsign-promo -Wuninitialized -Wno-delete-non-virtual-dtor -Wno-unnamed-type-template-args -Wno-comment -fdiagnostics-show-option -Wno-long-long -Qunused-arguments -Wno-semicolon-before-method-body -ffunction-sections -fdata-sections  -fvisibility=hidden -fvisibility-inlines-hidden -DCHECK_FUNCTION_EXISTS=sgemm_ -O3 -DNDEBUG  -DNDEBUG -isysroot /Applications/Xcode.app/Contents/Developer/Platforms/MacOSX.platform/Developer/SDKs/MacOSX13.3.sdk -fPIE -o CMakeFiles/cmTC_8c5ed.dir/CheckFunctionExists.c.o -c /usr/local/Cellar/cmake/3.19.4/share/cmake/Modules/CheckFunctionExists.c
Linking C executable cmTC_8c5ed
/usr/local/Cellar/cmake/3.19.4/bin/cmake -E cmake_link_script CMakeFiles/cmTC_8c5ed.dir/link.txt --verbose=1
/Applications/Xcode.app/Contents/Developer/Toolchains/XcodeDefault.xctoolchain/usr/bin/cc    -fsigned-char -W -Wall -Wreturn-type -Wnon-virtual-dtor -Waddress -Wsequence-point -Wformat -Wformat-security -Wmissing-declarations -Wmissing-prototypes -Wstrict-prototypes -Wundef -Winit-self -Wpointer-arith -Wshadow -Wsign-promo -Wuninitialized -Wno-delete-non-virtual-dtor -Wno-unnamed-type-template-args -Wno-comment -fdiagnostics-show-option -Wno-long-long -Qunused-arguments -Wno-semicolon-before-method-body -ffunction-sections -fdata-sections  -fvisibility=hidden -fvisibility-inlines-hidden -DCHECK_FUNCTION_EXISTS=sgemm_ -O3 -DNDEBUG  -DNDEBUG -isysroot /Applications/Xcode.app/Contents/Developer/Platforms/MacOSX.platform/Developer/SDKs/MacOSX13.3.sdk -Wl,-search_paths_first -Wl,-headerpad_max_install_names   -Wl,-dead_strip  CMakeFiles/cmTC_8c5ed.dir/CheckFunctionExists.c.o -o cmTC_8c5ed 
Undefined symbols for architecture x86_64:
  "_sgemm_", referenced from:
      _main in CheckFunctionExists.c.o
ld: symbol(s) not found for architecture x86_64
clang: error: linker command failed with exit code 1 (use -v to see invocation)
make[1]: *** [cmTC_8c5ed] Error 1
make: *** [cmTC_8c5ed/fast] Error 2



Determining if the CL_VERSION_2_2 exist failed with the following output:
Change Dir: /Users/liam/Documents/dev/tcd-finalyear/computer-vision/build_opencv/CMakeFiles/CMakeTmp

Run Build Command(s):/usr/bin/make cmTC_01b4f/fast && /Applications/Xcode.app/Contents/Developer/usr/bin/make  -f CMakeFiles/cmTC_01b4f.dir/build.make CMakeFiles/cmTC_01b4f.dir/build
Building C object CMakeFiles/cmTC_01b4f.dir/CheckSymbolExists.c.o
/Applications/Xcode.app/Contents/Developer/Toolchains/XcodeDefault.xctoolchain/usr/bin/cc  -F/Applications/Xcode.app/Contents/Developer/Platforms/MacOSX.platform/Developer/SDKs/MacOSX13.3.sdk/System/Library/Frameworks -fsigned-char -W -Wall -Wreturn-type -Wnon-virtual-dtor -Waddress -Wsequence-point -Wformat -Wformat-security -Wmissing-declarations -Wmissing-prototypes -Wstrict-prototypes -Wundef -Winit-self -Wpointer-arith -Wshadow -Wsign-promo -Wuninitialized -Wno-delete-non-virtual-dtor -Wno-unnamed-type-template-args -Wno-comment -fdiagnostics-show-option -Wno-long-long -Qunused-arguments -Wno-semicolon-before-method-body -ffunction-sections -fdata-sections  -fvisibility=hidden -fvisibility-inlines-hidden  -O3 -DNDEBUG  -DNDEBUG -isysroot /Applications/Xcode.app/Contents/Developer/Platforms/MacOSX.platform/Developer/SDKs/MacOSX13.3.sdk -fPIE -o CMakeFiles/cmTC_01b4f.dir/CheckSymbolExists.c.o -c /Users/liam/Documents/dev/tcd-finalyear/computer-vision/build_opencv/CMakeFiles/CMakeTmp/CheckSymbolExists.c
/Users/liam/Documents/dev/tcd-finalyear/computer-vision/build_opencv/CMakeFiles/CMakeTmp/CheckSymbolExists.c:8:19: error: use of undeclared identifier 'CL_VERSION_2_2'
  return ((int*)(&CL_VERSION_2_2))[argc];
                  ^
1 error generated.
make[1]: *** [CMakeFiles/cmTC_01b4f.dir/CheckSymbolExists.c.o] Error 1
make: *** [cmTC_01b4f/fast] Error 2


File /Users/liam/Documents/dev/tcd-finalyear/computer-vision/build_opencv/CMakeFiles/CMakeTmp/CheckSymbolExists.c:
/* */
#include </Applications/Xcode.app/Contents/Developer/Platforms/MacOSX.platform/Developer/SDKs/MacOSX13.3.sdk/System/Library/Frameworks/OpenCL.framework/Headers/cl.h>

int main(int argc, char** argv)
{
  (void)argv;
#ifndef CL_VERSION_2_2
  return ((int*)(&CL_VERSION_2_2))[argc];
#else
  (void)argc;
  return 0;
#endif
}
Determining if the CL_VERSION_2_1 exist failed with the following output:
Change Dir: /Users/liam/Documents/dev/tcd-finalyear/computer-vision/build_opencv/CMakeFiles/CMakeTmp

Run Build Command(s):/usr/bin/make cmTC_95ea2/fast && /Applications/Xcode.app/Contents/Developer/usr/bin/make  -f CMakeFiles/cmTC_95ea2.dir/build.make CMakeFiles/cmTC_95ea2.dir/build
Building C object CMakeFiles/cmTC_95ea2.dir/CheckSymbolExists.c.o
/Applications/Xcode.app/Contents/Developer/Toolchains/XcodeDefault.xctoolchain/usr/bin/cc  -F/Applications/Xcode.app/Contents/Developer/Platforms/MacOSX.platform/Developer/SDKs/MacOSX13.3.sdk/System/Library/Frameworks -fsigned-char -W -Wall -Wreturn-type -Wnon-virtual-dtor -Waddress -Wsequence-point -Wformat -Wformat-security -Wmissing-declarations -Wmissing-prototypes -Wstrict-prototypes -Wundef -Winit-self -Wpointer-arith -Wshadow -Wsign-promo -Wuninitialized -Wno-delete-non-virtual-dtor -Wno-unnamed-type-template-args -Wno-comment -fdiagnostics-show-option -Wno-long-long -Qunused-arguments -Wno-semicolon-before-method-body -ffunction-sections -fdata-sections  -fvisibility=hidden -fvisibility-inlines-hidden  -O3 -DNDEBUG  -DNDEBUG -isysroot /Applications/Xcode.app/Contents/Developer/Platforms/MacOSX.platform/Developer/SDKs/MacOSX13.3.sdk -fPIE -o CMakeFiles/cmTC_95ea2.dir/CheckSymbolExists.c.o -c /Users/liam/Documents/dev/tcd-finalyear/computer-vision/build_opencv/CMakeFiles/CMakeTmp/CheckSymbolExists.c
/Users/liam/Documents/dev/tcd-finalyear/computer-vision/build_opencv/CMakeFiles/CMakeTmp/CheckSymbolExists.c:8:19: error: use of undeclared identifier 'CL_VERSION_2_1'
  return ((int*)(&CL_VERSION_2_1))[argc];
                  ^
1 error generated.
make[1]: *** [CMakeFiles/cmTC_95ea2.dir/CheckSymbolExists.c.o] Error 1
make: *** [cmTC_95ea2/fast] Error 2


File /Users/liam/Documents/dev/tcd-finalyear/computer-vision/build_opencv/CMakeFiles/CMakeTmp/CheckSymbolExists.c:
/* */
#include </Applications/Xcode.app/Contents/Developer/Platforms/MacOSX.platform/Developer/SDKs/MacOSX13.3.sdk/System/Library/Frameworks/OpenCL.framework/Headers/cl.h>

int main(int argc, char** argv)
{
  (void)argv;
#ifndef CL_VERSION_2_1
  return ((int*)(&CL_VERSION_2_1))[argc];
#else
  (void)argc;
  return 0;
#endif
}
Determining if the CL_VERSION_2_0 exist failed with the following output:
Change Dir: /Users/liam/Documents/dev/tcd-finalyear/computer-vision/build_opencv/CMakeFiles/CMakeTmp

Run Build Command(s):/usr/bin/make cmTC_6ad7b/fast && /Applications/Xcode.app/Contents/Developer/usr/bin/make  -f CMakeFiles/cmTC_6ad7b.dir/build.make CMakeFiles/cmTC_6ad7b.dir/build
Building C object CMakeFiles/cmTC_6ad7b.dir/CheckSymbolExists.c.o
/Applications/Xcode.app/Contents/Developer/Toolchains/XcodeDefault.xctoolchain/usr/bin/cc  -F/Applications/Xcode.app/Contents/Developer/Platforms/MacOSX.platform/Developer/SDKs/MacOSX13.3.sdk/System/Library/Frameworks -fsigned-char -W -Wall -Wreturn-type -Wnon-virtual-dtor -Waddress -Wsequence-point -Wformat -Wformat-security -Wmissing-declarations -Wmissing-prototypes -Wstrict-prototypes -Wundef -Winit-self -Wpointer-arith -Wshadow -Wsign-promo -Wuninitialized -Wno-delete-non-virtual-dtor -Wno-unnamed-type-template-args -Wno-comment -fdiagnostics-show-option -Wno-long-long -Qunused-arguments -Wno-semicolon-before-method-body -ffunction-sections -fdata-sections  -fvisibility=hidden -fvisibility-inlines-hidden  -O3 -DNDEBUG  -DNDEBUG -isysroot /Applications/Xcode.app/Contents/Developer/Platforms/MacOSX.platform/Developer/SDKs/MacOSX13.3.sdk -fPIE -o CMakeFiles/cmTC_6ad7b.dir/CheckSymbolExists.c.o -c /Users/liam/Documents/dev/tcd-finalyear/computer-vision/build_opencv/CMakeFiles/CMakeTmp/CheckSymbolExists.c
/Users/liam/Documents/dev/tcd-finalyear/computer-vision/build_opencv/CMakeFiles/CMakeTmp/CheckSymbolExists.c:8:19: error: use of undeclared identifier 'CL_VERSION_2_0'
  return ((int*)(&CL_VERSION_2_0))[argc];
                  ^
1 error generated.
make[1]: *** [CMakeFiles/cmTC_6ad7b.dir/CheckSymbolExists.c.o] Error 1
make: *** [cmTC_6ad7b/fast] Error 2


File /Users/liam/Documents/dev/tcd-finalyear/computer-vision/build_opencv/CMakeFiles/CMakeTmp/CheckSymbolExists.c:
/* */
#include </Applications/Xcode.app/Contents/Developer/Platforms/MacOSX.platform/Developer/SDKs/MacOSX13.3.sdk/System/Library/Frameworks/OpenCL.framework/Headers/cl.h>

int main(int argc, char** argv)
{
  (void)argv;
#ifndef CL_VERSION_2_0
  return ((int*)(&CL_VERSION_2_0))[argc];
#else
  (void)argc;
  return 0;
#endif
}
Checking whether the ASM_NASM compiler is GNU using "--version" did not match "(GNU assembler)|(GCC)|(Free Software Foundation)":
NASM version 2.15.05 compiled on Oct 22 2021
Checking whether the ASM_NASM compiler is Clang using "--version" did not match "(clang version)":
NASM version 2.15.05 compiled on Oct 22 2021
Checking whether the ASM_NASM compiler is AppleClang using "--version" did not match "(Apple LLVM version)":
NASM version 2.15.05 compiled on Oct 22 2021
Checking whether the ASM_NASM compiler is ARMClang using "--version" did not match "armclang":
NASM version 2.15.05 compiled on Oct 22 2021
Checking whether the ASM_NASM compiler is HP using "-V" did not match "HP C":
nasm: error: unrecognised option `-V'
Checking whether the ASM_NASM compiler is Intel using "--version" did not match "(ICC)":
NASM version 2.15.05 compiled on Oct 22 2021
Checking whether the ASM_NASM compiler is SunPro using "-V" did not match "Sun C":
nasm: error: unrecognised option `-V'
Checking whether the ASM_NASM compiler is XL using "-qversion" did not match "XL C":
nasm: error: unrecognised option `-q'
Checking whether the ASM_NASM compiler is MSVC using "-?" did not match "Microsoft":
nasm: error: unrecognised option `-?'
Checking whether the ASM_NASM compiler is TI using "-h" did not match "Texas Instruments":
Usage: /usr/local/bin/nasm [-@ response_file] [options...] [--] filename
       /usr/local/bin/nasm -v (or --v)

Options (values in brackets indicate defaults):

    -h            show this text and exit (also --help)
    -v (or --v)   print the NASM version number and exit
    -@ file       response file; one command line option per line

    -o outfile    write output to outfile
    --keep-all    output files will not be removed even if an error happens

    -Xformat      specifiy error reporting format (gnu or vc)
    -s            redirect error messages to stdout
    -Zfile        redirect error messages to file

    -M            generate Makefile dependencies on stdout
    -MG           d:o, missing files assumed generated
    -MF file      set Makefile dependency file
    -MD file      assemble and generate dependencies
    -MT file      dependency target name
    -MQ file      dependency target name (quoted)
    -MP           emit phony targets

    -f format     select output file format
       bin                  Flat raw binary (MS-DOS, embedded, ...) [default]
       ith                  Intel Hex encoded flat binary
       srec                 Motorola S-records encoded flat binary
       aout                 Linux a.out
       aoutb                NetBSD/FreeBSD a.out
       coff                 COFF (i386) (DJGPP, some Unix variants)
       elf32                ELF32 (i386) (Linux, most Unix variants)
       elf64                ELF64 (x86-64) (Linux, most Unix variants)
       elfx32               ELFx32 (ELF32 for x86-64) (Linux)
       as86                 as86 (bin86/dev86 toolchain)
       obj                  Intel/Microsoft OMF (MS-DOS, OS/2, Win16)
       win32                Microsoft extended COFF for Win32 (i386)
       win64                Microsoft extended COFF for Win64 (x86-64)
       ieee                 IEEE-695 (LADsoft variant) object file format
       macho32              Mach-O i386 (Mach, including MacOS X and variants)
       macho64              Mach-O x86-64 (Mach, including MacOS X and variants)
       dbg                  Trace of all info passed to output stage
       elf                  Legacy alias for "elf32"
       macho                Legacy alias for "macho32"
       win                  Legacy alias for "win32"

    -g            generate debugging information
    -F format     select a debugging format (output format dependent)
    -gformat      same as -g -F format
       elf32:     dwarf     ELF32 (i386) dwarf (newer) [default]
                  stabs     ELF32 (i386) stabs (older)
       elf64:     dwarf     ELF64 (x86-64) dwarf (newer) [default]
                  stabs     ELF64 (x86-64) stabs (older)
       elfx32:    dwarf     ELFx32 (x86-64) dwarf (newer) [default]
                  stabs     ELFx32 (x86-64) stabs (older)
       obj:       borland   Borland Debug Records [default]
       win32:     cv8       Codeview 8+ [default]
       win64:     cv8       Codeview 8+ [default]
       ieee:      ladsoft   LADsoft Debug Records [default]
       macho32:   dwarf     Mach-O i386 dwarf for Darwin/MacOS [default]
       macho64:   dwarf     Mach-O x86-64 dwarf for Darwin/MacOS [default]
       dbg:       debug     Trace of all info passed to debug stage [default]

    -l listfile   write listing to a list file
    -Lflags...    add optional information to the list file
       -Lb        show builtin macro packages (standard and %use)
       -Ld        show byte and repeat counts in decimal, not hex
       -Le        show the preprocessed output
       -Lf        ignore .nolist (force output)
       -Lm        show multi-line macro calls with expanded parmeters
       -Lp        output a list file every pass, in case of errors
       -Ls        show all single-line macro definitions
       -Lw        flush the output after every line (very slow!)
       -L+        enable all listing options except -Lw (very verbose!)

    -Oflags...    optimize opcodes, immediates and branch offsets
       -O0        no optimization
       -O1        minimal optimization
       -Ox        multipass optimization (default)
       -Ov        display the number of passes executed at the end
    -t            assemble in limited SciTech TASM compatible mode

    -E (or -e)    preprocess only (writes output to stdout by default)
    -a            don't preprocess (assemble only)
    -Ipath        add a pathname to the include file path
    -Pfile        pre-include a file (also --include)
    -Dmacro[=str] pre-define a macro
    -Umacro       undefine a macro
   --pragma str   pre-executes a specific %%pragma
   --before str   add line (usually a preprocessor statement) before the input
   --no-line      ignore %line directives in input

   --prefix str   prepend the given string to the names of all extern,
                  common and global symbols (also --gprefix)
   --suffix str   append the given string to the names of all extern,
                  common and global symbols (also --gprefix)
   --lprefix str  prepend the given string to local symbols
   --lpostfix str append the given string to local symbols

   --reproducible attempt to produce run-to-run identical output

    -w+x          enable warning x (also -Wx)
    -w-x          disable warning x (also -Wno-x)
    -w[+-]error   promote all warnings to errors (also -Werror)
    -w[+-]error=x promote warning x to errors (also -Werror=x)
       all                  all possible warnings
       bnd                  invalid BND prefixes [on]
       db-empty             no operand for data declaration [on]
       environment          nonexistent environment variable [on]
       float                all warnings prefixed with "float-"
       float-denorm         floating point denormal [off]
       float-overflow       floating point overflow [on]
       float-toolong        too many digits in floating-point number [on]
       float-underflow      floating point underflow [off]
       hle                  invalid HLE prefixes [on]
       label                all warnings prefixed with "label-"
       label-orphan         labels alone on lines without trailing `:' [on]
       label-redef          label redefined to an identical value [off]
       label-redef-late     label (re)defined during code generation [error]
       lock                 LOCK prefix on unlockable instructions [on]
       macro                all warnings prefixed with "macro-"
       macro-def            all warnings prefixed with "macro-def-"
       macro-def-case-single single-line macro defined both case sensitive and insensitive [on]
       macro-def-greedy-single single-line macro [on]
       macro-def-param-single single-line macro defined with and without parameters [error]
       macro-defaults       macros with more default than optional parameters [on]
       macro-params         all warnings prefixed with "macro-params-"
       macro-params-legacy  improperly calling multi-line macro for legacy support [on]
       macro-params-multi   multi-line macro calls with wrong parameter count [on]
       macro-params-single  single-line macro calls with wrong parameter count [on]
       negative-rep         regative %rep count [on]
       number-overflow      numeric constant does not fit [on]
       obsolete             all warnings prefixed with "obsolete-"
       obsolete-nop         instruction obsolete and is a noop on the target CPU [on]
       obsolete-removed     instruction obsolete and removed on the target CPU [on]
       obsolete-valid       instruction obsolete but valid on the target CPU [on]
       phase                phase error during stabilization [off]
       pragma               all warnings prefixed with "pragma-"
       pragma-bad           malformed %pragma [off]
       pragma-empty         empty %pragma directive [off]
       pragma-na            %pragma not applicable to this compilation [off]
       pragma-unknown       unknown %pragma facility or directive [off]
       ptr                  non-NASM keyword used in other assemblers [on]
       regsize              register size specification ignored [on]
       unknown-warning      unknown warning in -W/-w or warning directive [off]
       user                 %warning directives [on]
       warn-stack-empty     warning stack empty [on]
       zeroing              RESx in initialized section becomes zero [on]
       zext-reloc           relocation zero-extended to match output format [on]
       other                any warning not specifially mentioned above [on]

   --limit-X val  set execution limit X
       passes               total number of passes [unlimited]
       stalled-passes       number of passes without forward progress [1000]
       macro-levels         levels of macro expansion [10000]
       macro-tokens         tokens processed during single-lime macro expansion [10000000]
       mmacros              multi-line macros before final return [100000]
       rep                  %rep count [1000000]
       eval                 expression evaluation descent [8192]
       lines                total source lines processed [2000000000]
Checking whether the ASM_NASM compiler is IAR using "" did not match "IAR Assembler":
nasm: fatal: no input file specified
Type /usr/local/bin/nasm -h for help.
Checking whether the ASM_NASM compiler is ARMCC using "" did not match "(ARM Compiler)|(ARM Assembler)":
nasm: fatal: no input file specified
Type /usr/local/bin/nasm -h for help.
